Microsoft (R) Macro Assembler Version 6.14.8444		    11/13/23 16:23:07
.\lab5_lib.asm						     Page 1 - 1


				.486
				.model flat, stdcall
				public Positives
 00000000			.code
 00000000			Positives proc uses esi eax ecx edx, mas:ptr sword, mas_size:sbyte
 00000007  33 C9		    xor ecx,ecx
 00000009  33 C0		    xor eax,eax
 0000000B  33 DB		    xor ebx,ebx
 0000000D  8B 75 08		    mov esi,mas
 00000010  8A 4D 0C		    mov cl, mas_size
 00000013  33 D2		    xor edx,edx
 00000015			l:
				    ;mov [esi], al
 00000015  39 16		    cmp [esi],edx
 00000017  7C 02		    jl lower
 00000019  66| 40		    inc ax
 0000001B			lower:
 0000001B  83 C6 02		    add esi, 2
 0000001E  E2 F5		    loop l
				    ret
 00000028			Positives endp
				end Positives

Microsoft (R) Macro Assembler Version 6.14.8444		    11/13/23 16:23:07
.\lab5_lib.asm						     Symbols 2 - 1




Segments and Groups:

                N a m e                 Size     Length   Align   Combine Class

FLAT . . . . . . . . . . . . . .	GROUP
_DATA  . . . . . . . . . . . . .	32 Bit	 00000000 Para	  Public  'DATA'	
_TEXT  . . . . . . . . . . . . .	32 Bit	 00000028 Para	  Public  'CODE'	


Procedures,  parameters and locals:

                N a m e                 Type     Value    Attr

Positives  . . . . . . . . . . .	P Near	 00000000 _TEXT	Length= 00000028 Public STDCALL
  mas  . . . . . . . . . . . . .	DWord	 bp + 00000008
  mas_size . . . . . . . . . . .	Byte	 bp + 0000000C
  l  . . . . . . . . . . . . . .	L Near	 00000015 _TEXT	
  lower  . . . . . . . . . . . .	L Near	 0000001B _TEXT	


Symbols:

                N a m e                 Type     Value    Attr

@CodeSize  . . . . . . . . . . .	Number	 00000000h   
@DataSize  . . . . . . . . . . .	Number	 00000000h   
@Interface . . . . . . . . . . .	Number	 00000003h   
@Model . . . . . . . . . . . . .	Number	 00000007h   
@code  . . . . . . . . . . . . .	Text   	 _TEXT
@data  . . . . . . . . . . . . .	Text   	 FLAT
@fardata?  . . . . . . . . . . .	Text   	 FLAT
@fardata . . . . . . . . . . . .	Text   	 FLAT
@stack . . . . . . . . . . . . .	Text   	 FLAT

	   0 Warnings
	   0 Errors
